d:\erasmus\game programming\c++\engine\gameenginesfml\gameenginesfml\x64\debug\vc141.pdb
d:\erasmus\game programming\c++\engine\gameenginesfml\gameenginesfml\x64\debug\vc141.idb
d:\erasmus\game programming\c++\engine\gameenginesfml\gameenginesfml\x64\debug\layout.obj
d:\erasmus\game programming\c++\engine\gameenginesfml\gameenginesfml\x64\debug\label.obj
d:\erasmus\game programming\c++\engine\gameenginesfml\gameenginesfml\x64\debug\inputmanager.obj
d:\erasmus\game programming\c++\engine\gameenginesfml\gameenginesfml\x64\debug\hud.obj
d:\erasmus\game programming\c++\engine\gameenginesfml\gameenginesfml\x64\debug\gamestate.obj
d:\erasmus\game programming\c++\engine\gameenginesfml\gameenginesfml\x64\debug\gameobject.obj
d:\erasmus\game programming\c++\engine\gameenginesfml\gameenginesfml\x64\debug\game.obj
d:\erasmus\game programming\c++\engine\gameenginesfml\gameenginesfml\x64\debug\frame.obj
d:\erasmus\game programming\c++\engine\gameenginesfml\gameenginesfml\x64\debug\externaltools.obj
d:\erasmus\game programming\c++\engine\gameenginesfml\gameenginesfml\x64\debug\entitymanager.obj
d:\erasmus\game programming\c++\engine\gameenginesfml\gameenginesfml\x64\debug\entity.obj
d:\erasmus\game programming\c++\engine\gameenginesfml\gameenginesfml\x64\debug\container.obj
d:\erasmus\game programming\c++\engine\gameenginesfml\gameenginesfml\x64\debug\config.obj
d:\erasmus\game programming\c++\engine\gameenginesfml\gameenginesfml\x64\debug\button.obj
d:\erasmus\game programming\c++\engine\gameenginesfml\gameenginesfml\x64\debug\base.obj
d:\erasmus\game programming\c++\engine\gameenginesfml\gameenginesfml\x64\debug\assetmanager.obj
d:\erasmus\game programming\c++\engine\gameenginesfml\gameenginesfml\x64\debug\animator.obj
d:\erasmus\game programming\c++\engine\gameenginesfml\gameenginesfml\x64\debug\actiontarget.obj
d:\erasmus\game programming\c++\engine\gameenginesfml\gameenginesfml\x64\debug\actionmap.obj
d:\erasmus\game programming\c++\engine\gameenginesfml\gameenginesfml\x64\debug\action.obj
d:\erasmus\game programming\c++\engine\gameenginesfml\gameenginesfml\x64\debug\widget.obj
d:\erasmus\game programming\c++\engine\gameenginesfml\gameenginesfml\x64\debug\vlayout.obj
d:\erasmus\game programming\c++\engine\gameenginesfml\gameenginesfml\x64\debug\textbutton.obj
d:\erasmus\game programming\c++\engine\gameenginesfml\gameenginesfml\x64\debug\test.obj
d:\erasmus\game programming\c++\engine\gameenginesfml\gameenginesfml\x64\debug\statemachine.obj
d:\erasmus\game programming\c++\engine\gameenginesfml\gameenginesfml\x64\debug\splashstate.obj
d:\erasmus\game programming\c++\engine\gameenginesfml\gameenginesfml\x64\debug\sfml.obj
d:\erasmus\game programming\c++\engine\gameenginesfml\gameenginesfml\x64\debug\player.obj
d:\erasmus\game programming\c++\engine\gameenginesfml\gameenginesfml\x64\debug\pch.obj
d:\erasmus\game programming\c++\engine\gameenginesfml\gameenginesfml\x64\debug\spritelevel.obj
d:\erasmus\game programming\c++\engine\gameenginesfml\gameenginesfml\x64\debug\pathfinding.obj
d:\erasmus\game programming\c++\engine\gameenginesfml\gameenginesfml\x64\debug\node.obj
d:\erasmus\game programming\c++\engine\gameenginesfml\gameenginesfml\x64\debug\manager.obj
d:\erasmus\game programming\c++\engine\gameenginesfml\gameenginesfml\x64\debug\mainmenustate.obj
d:\erasmus\game programming\c++\engine\gameenginesfml\gameenginesfml\x64\debug\main.obj
d:\erasmus\game programming\c++\engine\gameenginesfml\gameenginesfml\x64\debug\levelmanager.obj
d:\erasmus\game programming\c++\engine\gameenginesfml\gameenginesfml\x64\debug\level1.obj
d:\erasmus\game programming\c++\engine\gameenginesfml\gameenginesfml\x64\debug\level.obj
d:\erasmus\game programming\c++\engine\gameenginesfml\x64\debug\gameenginesfml.exe
d:\erasmus\game programming\c++\engine\gameenginesfml\x64\debug\gameenginesfml.ilk
d:\erasmus\game programming\c++\engine\gameenginesfml\x64\debug\gameenginesfml.pdb
d:\erasmus\game programming\c++\engine\gameenginesfml\gameenginesfml\x64\debug\gameenginesfml.res
d:\erasmus\game programming\c++\engine\gameenginesfml\gameenginesfml\x64\debug\gameenginesfml.tlog\cl.command.1.tlog
d:\erasmus\game programming\c++\engine\gameenginesfml\gameenginesfml\x64\debug\gameenginesfml.tlog\cl.read.1.tlog
d:\erasmus\game programming\c++\engine\gameenginesfml\gameenginesfml\x64\debug\gameenginesfml.tlog\cl.write.1.tlog
d:\erasmus\game programming\c++\engine\gameenginesfml\gameenginesfml\x64\debug\gameenginesfml.tlog\link.command.1.tlog
d:\erasmus\game programming\c++\engine\gameenginesfml\gameenginesfml\x64\debug\gameenginesfml.tlog\link.read.1.tlog
d:\erasmus\game programming\c++\engine\gameenginesfml\gameenginesfml\x64\debug\gameenginesfml.tlog\link.write.1.tlog
d:\erasmus\game programming\c++\engine\gameenginesfml\gameenginesfml\x64\debug\gameenginesfml.tlog\rc.command.1.tlog
d:\erasmus\game programming\c++\engine\gameenginesfml\gameenginesfml\x64\debug\gameenginesfml.tlog\rc.read.1.tlog
d:\erasmus\game programming\c++\engine\gameenginesfml\gameenginesfml\x64\debug\gameenginesfml.tlog\rc.write.1.tlog
