  Game.cpp
  GameObject.cpp
  GameState.cpp
d:\erasmus\game programming\c++\engine\gameenginesfml\gameenginesfml\gamestate.cpp(28): warning C4244: 'argument': conversion from 'T' to 'float', possible loss of data
          with
          [
              T=unsigned int
          ]
d:\erasmus\game programming\c++\engine\gameenginesfml\gameenginesfml\gamestate.cpp(29): warning C4244: 'argument': conversion from 'T' to 'float', possible loss of data
          with
          [
              T=unsigned int
          ]
d:\erasmus\game programming\c++\engine\gameenginesfml\gameenginesfml\gamestate.cpp(30): warning C4244: 'argument': conversion from 'T' to 'float', possible loss of data
          with
          [
              T=unsigned int
          ]
d:\erasmus\game programming\c++\engine\gameenginesfml\gameenginesfml\gamestate.cpp(85): warning C4244: 'argument': conversion from 'unsigned int' to 'T', possible loss of data
          with
          [
              T=float
          ]
d:\erasmus\game programming\c++\engine\gameenginesfml\gameenginesfml\gamestate.cpp(132): warning C4244: 'argument': conversion from 'T' to 'T', possible loss of data
          with
          [
              T=int
          ]
          and
          [
              T=float
          ]
d:\erasmus\game programming\c++\engine\gameenginesfml\gameenginesfml\gamestate.cpp(203): warning C4244: 'return': conversion from 'double' to 'float', possible loss of data
  HUD.cpp
d:\erasmus\game programming\c++\engine\gameenginesfml\gameenginesfml\hud.cpp(15): warning C4244: 'argument': conversion from 'T' to 'float', possible loss of data
          with
          [
              T=unsigned int
          ]
d:\erasmus\game programming\c++\engine\gameenginesfml\gameenginesfml\hud.cpp(16): warning C4244: 'argument': conversion from 'T' to 'float', possible loss of data
          with
          [
              T=unsigned int
          ]
  LevelManager.cpp
d:\erasmus\game programming\c++\engine\gameenginesfml\gameenginesfml\levelmanager.cpp(53): warning C4244: 'argument': conversion from 'T' to 'T', possible loss of data
          with
          [
              T=float
          ]
          and
          [
              T=int
          ]
d:\erasmus\game programming\c++\engine\gameenginesfml\gameenginesfml\levelmanager.cpp(115): warning C4101: 'pChild': unreferenced local variable
d:\erasmus\game programming\c++\engine\gameenginesfml\gameenginesfml\levelmanager.cpp(186): warning C4101: 'pChild': unreferenced local variable
  MainMenuState.cpp
  SplashState.cpp
  main.cpp
  Generating Code...
d:\erasmus\game programming\c++\engine\gameenginesfml\gameenginesfml\levelmanager.cpp(219): warning C4715: 'SoloStudios::LevelManager::LoadLevel': not all control paths return a value
d:\erasmus\game programming\c++\engine\gameenginesfml\gameenginesfml\levelmanager.cpp(162): warning C4715: 'SoloStudios::LevelManager::LoadNextLevel': not all control paths return a value
  GameEngineSFML.vcxproj -> D:\ERASMUS\GAME PROGRAMMING\C++\Engine\GameEngineSFML\x64\Debug\GameEngineSFML.exe
